[2026-03-25 04:59:38,874] multiqc                                            [DEBUG  ]  This is MultiQC v1.18
[2026-03-25 04:59:38,874] multiqc                                            [DEBUG  ]  Command used: /usr/bin/multiqc /home/talhaaygen/Pipeline_data_analysis/QC/trimmed -o /home/talhaaygen/Pipeline_data_analysis/QC/trimmed --filename SRR14514300_trimmed_multiqc
[2026-03-25 04:59:39,482] multiqc                                            [WARNING]  MultiQC Version v1.33 now available!
[2026-03-25 04:59:39,483] multiqc                                            [DEBUG  ]  Working dir : /home/talhaaygen/Pipeline_data_analysis
[2026-03-25 04:59:39,483] multiqc                                            [DEBUG  ]  Template    : default
[2026-03-25 04:59:39,483] multiqc                                            [DEBUG  ]  Running Python 3.12.3 (main, Mar  3 2026, 12:15:18) [GCC 13.3.0]
[2026-03-25 04:59:39,483] multiqc                                            [DEBUG  ]  Analysing modules: custom_content, ccs, ngsderive, purple, conpair, lima, peddy, somalier, methylQA, mosdepth, phantompeakqualtools, qualimap, preseq, hifiasm, quast, qorts, rna_seqc, rockhopper, rsem, rseqc, busco, bustools, goleft_indexcov, gffcompare, disambiguate, supernova, deeptools, sargasso, verifybamid, mirtrace, happy, mirtop, sambamba, gopeaks, homer, hops, macs2, theta2, snpeff, gatk, htseq, bcftools, featureCounts, fgbio, dragen, dragen_fastqc, dedup, pbmarkdup, damageprofiler, mapdamage, biobambam2, jcvi, mtnucratio, picard, vep, bakta, prokka, qc3C, nanostat, samblaster, samtools, sexdeterrmine, seqera_cli, eigenstratdatabasetools, bamtools, jellyfish, vcftools, longranger, stacks, varscan2, snippy, umitools, truvari, bbmap, bismark, biscuit, diamond, hicexplorer, hicup, hicpro, salmon, kallisto, slamdunk, star, hisat2, tophat, bowtie2, bowtie1, cellranger, snpsplit, odgi, pangolin, nextclade, freyja, humid, kat, leehom, librarian, adapterRemoval, bbduk, clipandmerge, cutadapt, flexbar, sourmash, kaiju, bracken, kraken, malt, motus, trimmomatic, sickle, skewer, sortmerna, biobloomtools, fastq_screen, afterqc, fastp, fastqc, filtlong, prinseqplusplus, pychopper, porechop, pycoqc, minionqc, anglerfish, multivcfanalyzer, clusterflow, checkqc, bcl2fastq, bclconvert, interop, ivar, flash, seqyclean, optitype, whatshap, xenome, xengsort
[2026-03-25 04:59:39,483] multiqc                                            [DEBUG  ]  Using temporary directory for creating report: /tmp/tmpov0t_xh0
[2026-03-25 04:59:39,484] multiqc                                            [INFO   ]  Search path : /home/talhaaygen/Pipeline_data_analysis/QC/trimmed
[2026-03-25 04:59:52,122] multiqc                                            [DEBUG  ]  Summary of files that were skipped by the search: [skipped_module_specific_max_filesize: 13044] // [skipped_no_match: 1661] // [skipped_ignore_pattern: 141]
[2026-03-25 04:59:52,412] multiqc.plots.bargraph                             [DEBUG  ]  Using matplotlib version 3.6.3
[2026-03-25 04:59:52,413] multiqc.plots.linegraph                            [DEBUG  ]  Using matplotlib version 3.6.3
[2026-03-25 04:59:52,413] multiqc                                            [DEBUG  ]  No samples found: custom_content
[2026-03-25 04:59:52,841] multiqc                                            [DEBUG  ]  No samples found: htseq
[2026-03-25 04:59:52,879] multiqc                                            [DEBUG  ]  No samples found: snippy
[2026-03-25 05:00:24,851] multiqc.modules.fastqc.fastqc                      [INFO   ]  Found 280 reports
[2026-03-25 05:00:34,830] multiqc.utils.software_versions                    [DEBUG  ]  Reading software versions from config.software_versions
[2026-03-25 05:00:35,049] multiqc                                            [DEBUG  ]  Compressing plot data
[2026-03-25 05:00:35,107] multiqc                                            [INFO   ]  Report      : QC/trimmed/SRR14514300_trimmed_multiqc.html
[2026-03-25 05:00:35,107] multiqc                                            [INFO   ]  Data        : QC/trimmed/SRR14514300_trimmed_multiqc_data
[2026-03-25 05:00:35,107] multiqc                                            [DEBUG  ]  Moving data file from '/tmp/tmpov0t_xh0/multiqc_data' to '/home/talhaaygen/Pipeline_data_analysis/QC/trimmed/SRR14514300_trimmed_multiqc_data'
[2026-03-25 05:00:35,110] multiqc                                            [DEBUG  ]  Full report path: /home/talhaaygen/Pipeline_data_analysis/QC/trimmed/SRR14514300_trimmed_multiqc.html
[2026-03-25 05:00:35,131] multiqc                                            [ERROR  ]  Could not include file 'assets/js/packages/jszip.min.js': [Errno 2] No such file or directory: '/tmp/tmpov0t_xh0/assets/js/packages/jszip.min.js'
[2026-03-25 05:00:35,186] multiqc                                            [INFO   ]  MultiQC complete
