[2026-03-25 04:35:44,373] multiqc                                            [DEBUG  ]  This is MultiQC v1.18
[2026-03-25 04:35:44,374] multiqc                                            [DEBUG  ]  Command used: /usr/bin/multiqc /home/talhaaygen/Pipeline_data_analysis/QC/trimmed -o /home/talhaaygen/Pipeline_data_analysis/QC/trimmed --filename SRR14514299_trimmed_multiqc
[2026-03-25 04:35:44,939] multiqc                                            [WARNING]  MultiQC Version v1.33 now available!
[2026-03-25 04:35:44,940] multiqc                                            [DEBUG  ]  Working dir : /home/talhaaygen/Pipeline_data_analysis
[2026-03-25 04:35:44,940] multiqc                                            [DEBUG  ]  Template    : default
[2026-03-25 04:35:44,940] multiqc                                            [DEBUG  ]  Running Python 3.12.3 (main, Mar  3 2026, 12:15:18) [GCC 13.3.0]
[2026-03-25 04:35:44,940] multiqc                                            [DEBUG  ]  Analysing modules: custom_content, ccs, ngsderive, purple, conpair, lima, peddy, somalier, methylQA, mosdepth, phantompeakqualtools, qualimap, preseq, hifiasm, quast, qorts, rna_seqc, rockhopper, rsem, rseqc, busco, bustools, goleft_indexcov, gffcompare, disambiguate, supernova, deeptools, sargasso, verifybamid, mirtrace, happy, mirtop, sambamba, gopeaks, homer, hops, macs2, theta2, snpeff, gatk, htseq, bcftools, featureCounts, fgbio, dragen, dragen_fastqc, dedup, pbmarkdup, damageprofiler, mapdamage, biobambam2, jcvi, mtnucratio, picard, vep, bakta, prokka, qc3C, nanostat, samblaster, samtools, sexdeterrmine, seqera_cli, eigenstratdatabasetools, bamtools, jellyfish, vcftools, longranger, stacks, varscan2, snippy, umitools, truvari, bbmap, bismark, biscuit, diamond, hicexplorer, hicup, hicpro, salmon, kallisto, slamdunk, star, hisat2, tophat, bowtie2, bowtie1, cellranger, snpsplit, odgi, pangolin, nextclade, freyja, humid, kat, leehom, librarian, adapterRemoval, bbduk, clipandmerge, cutadapt, flexbar, sourmash, kaiju, bracken, kraken, malt, motus, trimmomatic, sickle, skewer, sortmerna, biobloomtools, fastq_screen, afterqc, fastp, fastqc, filtlong, prinseqplusplus, pychopper, porechop, pycoqc, minionqc, anglerfish, multivcfanalyzer, clusterflow, checkqc, bcl2fastq, bclconvert, interop, ivar, flash, seqyclean, optitype, whatshap, xenome, xengsort
[2026-03-25 04:35:44,940] multiqc                                            [DEBUG  ]  Using temporary directory for creating report: /tmp/tmpiofw2uwl
[2026-03-25 04:35:44,941] multiqc                                            [INFO   ]  Search path : /home/talhaaygen/Pipeline_data_analysis/QC/trimmed
[2026-03-25 04:35:57,504] multiqc                                            [DEBUG  ]  Summary of files that were skipped by the search: [skipped_module_specific_max_filesize: 12920] // [skipped_no_match: 1647] // [skipped_ignore_pattern: 140]
[2026-03-25 04:35:57,801] multiqc.plots.bargraph                             [DEBUG  ]  Using matplotlib version 3.6.3
[2026-03-25 04:35:57,802] multiqc.plots.linegraph                            [DEBUG  ]  Using matplotlib version 3.6.3
[2026-03-25 04:35:57,802] multiqc                                            [DEBUG  ]  No samples found: custom_content
[2026-03-25 04:35:58,221] multiqc                                            [DEBUG  ]  No samples found: htseq
[2026-03-25 04:35:58,260] multiqc                                            [DEBUG  ]  No samples found: snippy
[2026-03-25 04:36:30,100] multiqc.modules.fastqc.fastqc                      [INFO   ]  Found 278 reports
[2026-03-25 04:36:39,971] multiqc.utils.software_versions                    [DEBUG  ]  Reading software versions from config.software_versions
[2026-03-25 04:36:40,191] multiqc                                            [DEBUG  ]  Compressing plot data
[2026-03-25 04:36:40,250] multiqc                                            [INFO   ]  Report      : QC/trimmed/SRR14514299_trimmed_multiqc.html
[2026-03-25 04:36:40,251] multiqc                                            [INFO   ]  Data        : QC/trimmed/SRR14514299_trimmed_multiqc_data
[2026-03-25 04:36:40,251] multiqc                                            [DEBUG  ]  Moving data file from '/tmp/tmpiofw2uwl/multiqc_data' to '/home/talhaaygen/Pipeline_data_analysis/QC/trimmed/SRR14514299_trimmed_multiqc_data'
[2026-03-25 04:36:40,254] multiqc                                            [DEBUG  ]  Full report path: /home/talhaaygen/Pipeline_data_analysis/QC/trimmed/SRR14514299_trimmed_multiqc.html
[2026-03-25 04:36:40,275] multiqc                                            [ERROR  ]  Could not include file 'assets/js/packages/jszip.min.js': [Errno 2] No such file or directory: '/tmp/tmpiofw2uwl/assets/js/packages/jszip.min.js'
[2026-03-25 04:36:40,331] multiqc                                            [INFO   ]  MultiQC complete
